[colorlib.com/preview/theme/ecoverde/index.html]
[backblue.gif]
[fade.gif]
[index.html]
[cdnjs.cloudflare.com/ajax/libs/font-awesome/4.7.0/css/font-awesome.min.css]
[colorlib.com/preview/theme/ecoverde/css/animate.css]
[colorlib.com/preview/theme/ecoverde/css/owl.carousel.min.css]
[colorlib.com/preview/theme/ecoverde/css/owl.theme.default.min.css]
[colorlib.com/preview/theme/ecoverde/css/magnific-popup.css]
[colorlib.com/preview/theme/ecoverde/css/flaticon.css]
[colorlib.com/preview/theme/ecoverde/css/style.css]
[colorlib.com/preview/theme/ecoverde/index-2.html]
[colorlib.com/preview/theme/ecoverde/about.html]
[colorlib.com/preview/theme/ecoverde/agent.html]
[colorlib.com/preview/theme/ecoverde/services.html]
[colorlib.com/preview/theme/ecoverde/properties.html]
[colorlib.com/preview/theme/ecoverde/blog.html]
[colorlib.com/preview/theme/ecoverde/contact.html]
[colorlib.com/preview/theme/ecoverde/images/bg_1.jpg]
[colorlib.com/preview/theme/ecoverde/images/work-1.jpg]
[colorlib.com/preview/theme/ecoverde/images/person_1.jpg]
[colorlib.com/preview/theme/ecoverde/images/work-2.jpg]
[colorlib.com/preview/theme/ecoverde/images/work-3.jpg]
[colorlib.com/preview/theme/ecoverde/images/work-4.jpg]
[colorlib.com/preview/theme/ecoverde/images/work-5.jpg]
[colorlib.com/preview/theme/ecoverde/images/place-1.jpg]
[colorlib.com/preview/theme/ecoverde/images/place-2.jpg]
[colorlib.com/preview/theme/ecoverde/images/place-3.jpg]
[colorlib.com/preview/theme/ecoverde/images/blob.svg]
[colorlib.com/preview/theme/ecoverde/images/about.jpg]
[colorlib.com/preview/theme/ecoverde/images/about-2.jpg]
[colorlib.com/preview/theme/ecoverde/images/person_2.jpg]
[colorlib.com/preview/theme/ecoverde/images/person_3.jpg]
[colorlib.com/preview/theme/ecoverde/images/team-1.jpg]
[colorlib.com/preview/theme/ecoverde/images/team-2.jpg]
[colorlib.com/preview/theme/ecoverde/images/team-3.jpg]
[colorlib.com/preview/theme/ecoverde/images/team-4.jpg]
[colorlib.com/preview/theme/ecoverde/blog-single.html]
[colorlib.com/preview/theme/ecoverde/images/image_1.jpg]
[colorlib.com/preview/theme/ecoverde/images/image_2.jpg]
[colorlib.com/preview/theme/ecoverde/images/image_3.jpg]
[colorlib.com/preview/theme/ecoverde/images/image_4.jpg]
[colorlib.com/cdn-cgi/scripts/5c5dd728/cloudflare-static/email-decode.min.js]
[colorlib.com/preview/theme/ecoverde/js/jquery.min.js]
[colorlib.com/preview/theme/ecoverde/js/jquery-migrate-3.0.1.min.js]
[colorlib.com/preview/theme/ecoverde/js/popper.min.js]
[colorlib.com/preview/theme/ecoverde/js/bootstrap.min.js]
[colorlib.com/preview/theme/ecoverde/js/jquery.easing.1.3.js]
[colorlib.com/preview/theme/ecoverde/js/jquery.waypoints.min.js]
[colorlib.com/preview/theme/ecoverde/js/jquery.stellar.min.js]
[colorlib.com/preview/theme/ecoverde/js/owl.carousel.min.js]
[colorlib.com/preview/theme/ecoverde/js/jquery.magnific-popup.min.js]
[colorlib.com/preview/theme/ecoverde/js/jquery.animateNumber.min.js]
[colorlib.com/preview/theme/ecoverde/js/scrollax.min.js]
[colorlib.com/preview/theme/ecoverde/js/google-map.js]
[colorlib.com/preview/theme/ecoverde/js/main.js]
[colorlib.com/preview/theme/ecoverde/index.html]
[cdnjs.cloudflare.com/ajax/libs/font-awesome/4.7.0/css/font-awesome.min.css]
[colorlib.com/preview/theme/ecoverde/css/animate.css]
[ajax.cloudflare.com/cdn-cgi/scripts/7089c43e/cloudflare-static/rocket-loader.min.js]
[colorlib.com/preview/theme/ecoverde/css/owl.video.play.png]
[colorlib.com/preview/theme/ecoverde/css/owl.carousel.min.css]
[colorlib.com/preview/theme/ecoverde/css/owl.theme.default.min.css]
[colorlib.com/preview/theme/ecoverde/css/magnific-popup.css]
[colorlib.com/preview/theme/ecoverde/fonts/flaticon/font/Flaticon.eot]
[colorlib.com/preview/theme/ecoverde/fonts/flaticon/font/Flaticond41d.eot]
[colorlib.com/preview/theme/ecoverde/fonts/flaticon/font/Flaticon.woff]
[colorlib.com/preview/theme/ecoverde/fonts/flaticon/font/Flaticon.ttf]
[colorlib.com/preview/theme/ecoverde/css/flaticon.css]
[colorlib.com/preview/theme/ecoverde/css/style.css]
[colorlib.com/preview/theme/ecoverde/index-2.html]
[colorlib.com/preview/theme/ecoverde/about.html]
[colorlib.com/preview/theme/ecoverde/fonts/flaticon/font/Flaticon.svg]
[colorlib.com/preview/theme/ecoverde/images/team-5.jpg]
[colorlib.com/preview/theme/ecoverde/images/team-6.jpg]
[colorlib.com/preview/theme/ecoverde/images/team-7.jpg]
[colorlib.com/preview/theme/ecoverde/images/team-8.jpg]
[colorlib.com/preview/theme/ecoverde/images/team-9.jpg]
[colorlib.com/preview/theme/ecoverde/agent.html]
[colorlib.com/preview/theme/ecoverde/services.html]
[colorlib.com/preview/theme/ecoverde/properties-single.html]
[colorlib.com/preview/theme/ecoverde/images/work-6.jpg]
[colorlib.com/preview/theme/ecoverde/properties.html]
[colorlib.com/preview/theme/ecoverde/images/image_5.jpg]
[colorlib.com/preview/theme/ecoverde/images/image_6.jpg]
[colorlib.com/preview/theme/ecoverde/images/image_7.jpg]
[colorlib.com/preview/theme/ecoverde/images/image_8.jpg]
[colorlib.com/preview/theme/ecoverde/blog.html]
[colorlib.com/preview/theme/ecoverde/contact.html]
[colorlib.com/preview/theme/ecoverde/images/blob.svg]
[colorlib.com/preview/theme/ecoverde/blog-single.html]
[colorlib.com/preview/theme/ecoverde/css/owl.video.play.html]
[colorlib.com/preview/theme/ecoverde/fonts/flaticon/font/Flaticon.svg]
[colorlib.com/preview/theme/ecoverde/properties-single.html]
[static.cloudflareinsights.com/beacon.min.js]
